T70AC 000:000.687   SEGGER J-Link V8.12f Log File
T70AC 000:000.853   DLL Compiled: Feb 12 2025 13:34:40
T70AC 000:000.867   Logging started @ 2025-06-11 16:07
T70AC 000:000.881   Process: C:\Users\a8456\.eclipse\com.renesas.platform_1713588285\DebugComp\RA\e2-server-gdb.exe
T70AC 000:000.898 - 0.894ms 
T70AC 000:000.918 JLINK_GetDLLVersion()
T70AC 000:000.931 - 0.014ms returns 81206
T70AC 000:002.537 JLINK_OpenEx(...)
T70AC 000:008.768   Firmware: J-Link V9 compiled May  7 2021 16:26:12
T70AC 000:010.176   Firmware: J-Link V9 compiled May  7 2021 16:26:12
T70AC 000:010.321   Decompressing FW timestamp took 96 us
T70AC 000:018.033   Hardware: V9.60
T70AC 000:018.073   S/N: 69667700
T70AC 000:018.093   OEM: SEGGER
T70AC 000:018.262   Feature(s): RDI, GDB, FlashDL, FlashBP, JFlash
T70AC 000:019.543   Bootloader: (FW returned invalid version)
T70AC 000:021.195   TELNET listener socket opened on port 19021
T70AC 000:021.308   WEBSRV WEBSRV_Init(): Starting webserver thread(s)
T70AC 000:021.489   WEBSRV Webserver running on local port 19080
T70AC 000:021.587   Looking for J-Link GUI Server exe at: C:\Users\a8456\.eclipse\com.renesas.platform_1713588285\DebugComp\RA\ARM\Segger_v8.12.6\JLinkGUIServer.exe
T70AC 000:021.663   Looking for J-Link GUI Server exe at: C:\Program Files\SEGGER\JLink_V818\JLinkGUIServer.exe
T70AC 000:021.690   Forking J-Link GUI Server: C:\Program Files\SEGGER\JLink_V818\JLinkGUIServer.exe
T70AC 000:040.519   J-Link GUI Server info: "J-Link GUI server V8.18 "
T70AC 000:048.634 - 46.085ms returns "O.K."
T70AC 000:048.816 JLINK_ExecCommand("ProjectFile=C:\Users\a8456\e2_studio\workspace\RA4M2_TUYA_CBU_Project4/RA4M2_TUYA_CBU_Project4.elf.jlink", ...). 
T70AC 000:073.574 - 24.762ms returns 0x00
T70AC 000:073.807 JLINK_ExecCommand("device=R7FA4M2AD", ...). 
T70AC 000:073.941   Flash bank @ 0x0100A100: SFL: Parsing sectorization info from ELF file
T70AC 000:073.951     FlashDevice.SectorInfo[0]: .SectorSize = 0x00000010, .SectorStartAddr = 0x00000000
T70AC 000:073.960   FlashBank @0x0100A100: Sectorization info from SFL ELF file ignored because sectorization override from DLL / XML file is active.
T70AC 000:074.141   Flash bank @ 0x60000000: SFL: Parsing sectorization info from ELF file
T70AC 000:074.152     FlashDevice.SectorInfo[0]: .SectorSize = 0x00010000, .SectorStartAddr = 0x00000000
T70AC 000:077.347   Device "R7FA4M2AD" selected.
T70AC 000:077.783 - 3.964ms returns 0x00
T70AC 000:077.802 JLINK_TIF_GetAvailable(...)
T70AC 000:078.232 - 0.429ms 
T70AC 000:078.280 JLINK_TIF_Select(JLINKARM_TIF_SWD)
T70AC 000:079.811 - 1.530ms returns 0x00
T70AC 000:079.831 JLINK_SetSpeed(4000)
T70AC 000:080.170 - 0.341ms 
T70AC 000:080.196 JLINK_ReadMem(0xE000EDF0, 0x4 Bytes, ...)
T70AC 000:080.614   ConfigTargetSettings() start
T70AC 000:080.634    J-Link Script File: Executing ConfigTargetSettings()
T70AC 000:080.646   Configuring FlashDLNoRMWThreshold=0x200 in order to make sure that option bytes programming is done via read-modify-write
T70AC 000:086.426   ConfigTargetSettings() end - Took 5.79ms
T70AC 000:086.441   InitTarget() start
T70AC 000:086.450    J-Link Script File: Executing InitTarget()
T70AC 000:086.457   SWD selected. Executing JTAG -> SWD switching sequence.
T70AC 000:089.409   DAP initialized successfully.
T70AC 000:089.427   Determining TrustZone configuration...
T70AC 000:091.281     Secure Debug: Enabled (SSD)
T70AC 000:091.293   Determining currently configured transfer type by reading the AHB-AP CSW register.
T70AC 000:092.755     --> Correct transfer type configured. Done.
T70AC 000:092.774   InitTarget() end - Took 6.32ms
T70AC 000:093.795   Found SW-DP with ID 0x6BA02477
T70AC 000:097.131   DPIDR: 0x6BA02477
T70AC 000:097.148   CoreSight SoC-400 or earlier
T70AC 000:097.158   Scanning AP map to find all available APs
T70AC 000:098.637   AP[2]: Stopped AP scan as end of AP map has been reached
T70AC 000:098.652   AP[0]: AHB-AP (IDR: 0x84770001, ADDR: 0x00000000)
T70AC 000:098.661   AP[1]: APB-AP (IDR: 0x54770002, ADDR: 0x01000000)
T70AC 000:098.669   Iterating through AP map to find AHB-AP to use
T70AC 000:099.965   AP[0]: Core found
T70AC 000:099.975   AP[0]: AHB-AP ROM base: 0xE00FE000
T70AC 000:100.632   CPUID register: 0x410FD214. Implementer code: 0x41 (ARM)
T70AC 000:100.642   Feature set: Mainline
T70AC 000:101.356   Cache: No cache
T70AC 000:101.367   Found Cortex-M33 r0p4, Little endian.
T70AC 000:102.208   -- Max. mem block: 0x00010A88
T70AC 000:103.416   
  ***** Warning: 
T70AC 000:103.426   Cortex-M (ARMv8-M and later): The connected J-Link (S/N 69667700) uses an old firmware module that does not handle I/D-cache correctly. Proper debugging functionality cannot be guaranteed if cache is enabled
T70AC 000:103.439   CPU_ReadMem(4 bytes @ 0xE000EDF0)
T70AC 000:104.076   CPU_WriteMem(4 bytes @ 0xE000EDF0)
T70AC 000:104.593   CPU_ReadMem(4 bytes @ 0xE0002000)
T70AC 000:105.132   FPUnit: 8 code (BP) slots and 0 literal slots
T70AC 000:105.149   CPU_ReadMem(4 bytes @ 0xE000EDFC)
T70AC 000:105.670   CPU_WriteMem(4 bytes @ 0xE000EDFC)
T70AC 000:106.216   CPU_ReadMem(4 bytes @ 0xE0001000)
T70AC 000:106.731   CPU_ReadMem(4 bytes @ 0xE0001000)
T70AC 000:107.218   CPU_ReadMem(4 bytes @ 0xE0001028)
T70AC 000:107.763   CPU_ReadMem(4 bytes @ 0xE0001038)
T70AC 000:108.252   CPU_ReadMem(4 bytes @ 0xE0001048)
T70AC 000:108.761   CPU_ReadMem(4 bytes @ 0xE0001058)
T70AC 000:109.297   CPU_WriteMem(4 bytes @ 0xE0001000)
T70AC 000:109.823   CPU_ReadMem(4 bytes @ 0xE000ED88)
T70AC 000:110.341   CPU_WriteMem(4 bytes @ 0xE000ED88)
T70AC 000:110.847   CPU_ReadMem(4 bytes @ 0xE000ED88)
T70AC 000:111.339   CPU_WriteMem(4 bytes @ 0xE000ED88)
T70AC 000:111.846   CPU_ReadMem(4 bytes @ 0xE000EFB8)
T70AC 000:112.388   Security extension: implemented
T70AC 000:112.401   Secure debug: enabled
T70AC 000:112.410   CoreSight components:
T70AC 000:112.418   ROMTbl[0] @ E00FE000
T70AC 000:112.427   CPU_ReadMem(64 bytes @ 0xE00FE000)
T70AC 000:113.240   CPU_ReadMem(32 bytes @ 0xE0044FE0)
T70AC 000:113.984   CPU_ReadMem(4 bytes @ 0xE0044FBC)
T70AC 000:114.507   CPU_ReadMem(4 bytes @ 0xE0044FCC)
T70AC 000:115.023   [0][0]: E0044000 CID B105900D PID 005BB906 DEVARCH 00000000 DEVTYPE 14 CTI (?)
T70AC 000:115.035   CPU_ReadMem(32 bytes @ 0xE0047FE0)
T70AC 000:115.656   CPU_ReadMem(4 bytes @ 0xE0047FBC)
T70AC 000:116.216   CPU_ReadMem(4 bytes @ 0xE0047FCC)
T70AC 000:116.722   [0][1]: E0047000 CID B105900D PID 003BB908 DEVARCH 00000000 DEVTYPE 12 CSTF
T70AC 000:116.731   CPU_ReadMem(32 bytes @ 0xE0048FE0)
T70AC 000:117.358   CPU_ReadMem(4 bytes @ 0xE0048FBC)
T70AC 000:117.942   CPU_ReadMem(4 bytes @ 0xE0048FCC)
T70AC 000:118.521   [0][2]: E0048000 CID B105900D PID 001BB961 DEVARCH 00000000 DEVTYPE 21 TMC
T70AC 000:118.531   CPU_ReadMem(32 bytes @ 0xE0049FE0)
T70AC 000:119.174   [0][3]: E0049000 CID B105F00D PID 001BB101 TSG
T70AC 000:119.185   CPU_ReadMem(32 bytes @ 0xE0040FE0)
T70AC 000:119.815   CPU_ReadMem(4 bytes @ 0xE0040FBC)
T70AC 000:120.317   CPU_ReadMem(4 bytes @ 0xE0040FCC)
T70AC 000:120.949   [0][4]: E0040000 CID B105900D PID 000BBD21 DEVARCH 00000000 DEVTYPE 11 TPIU
T70AC 000:120.968   CPU_ReadMem(32 bytes @ 0xE00FFFE0)
T70AC 000:121.620   [0][5]: E00FF000 CID B105100D PID 000BB4C9 ROM Table
T70AC 000:121.637   ROMTbl[1] @ E00FF000
T70AC 000:121.647   CPU_ReadMem(64 bytes @ 0xE00FF000)
T70AC 000:122.532   CPU_ReadMem(32 bytes @ 0xE000EFE0)
T70AC 000:123.167   CPU_ReadMem(4 bytes @ 0xE000EFBC)
T70AC 000:123.676   CPU_ReadMem(4 bytes @ 0xE000EFCC)
T70AC 000:124.174   [1][0]: E000E000 CID B105900D PID 000BBD21 DEVARCH 47702A04 DEVTYPE 00 Cortex-M33
T70AC 000:124.190   CPU_ReadMem(32 bytes @ 0xE0001FE0)
T70AC 000:124.855   CPU_ReadMem(4 bytes @ 0xE0001FBC)
T70AC 000:125.364   CPU_ReadMem(4 bytes @ 0xE0001FCC)
T70AC 000:125.872   [1][1]: E0001000 CID B105900D PID 000BBD21 DEVARCH 47701A02 DEVTYPE 00 DWT
T70AC 000:125.905   CPU_ReadMem(32 bytes @ 0xE0002FE0)
T70AC 000:126.617   CPU_ReadMem(4 bytes @ 0xE0002FBC)
T70AC 000:127.227   CPU_ReadMem(4 bytes @ 0xE0002FCC)
T70AC 000:127.753   [1][2]: E0002000 CID B105900D PID 000BBD21 DEVARCH 47701A03 DEVTYPE 00 FPB
T70AC 000:127.805   CPU_ReadMem(32 bytes @ 0xE0000FE0)
T70AC 000:128.514   CPU_ReadMem(4 bytes @ 0xE0000FBC)
T70AC 000:129.027   CPU_ReadMem(4 bytes @ 0xE0000FCC)
T70AC 000:129.570   [1][3]: E0000000 CID B105900D PID 000BBD21 DEVARCH 47701A01 DEVTYPE 43 ITM
T70AC 000:129.583   CPU_ReadMem(32 bytes @ 0xE0041FE0)
T70AC 000:130.235   CPU_ReadMem(4 bytes @ 0xE0041FBC)
T70AC 000:130.753   CPU_ReadMem(4 bytes @ 0xE0041FCC)
T70AC 000:131.259   [1][5]: E0041000 CID B105900D PID 002BBD21 DEVARCH 47724A13 DEVTYPE 13 ETM
T70AC 000:131.269   CPU_ReadMem(32 bytes @ 0xE0042FE0)
T70AC 000:131.878   CPU_ReadMem(4 bytes @ 0xE0042FBC)
T70AC 000:132.388   CPU_ReadMem(4 bytes @ 0xE0042FCC)
T70AC 000:132.943   [1][6]: E0042000 CID B105900D PID 000BBD21 DEVARCH 47701A14 DEVTYPE 14 CSS600-CTI
T70AC 000:132.985   CPU_ReadMem(4 bytes @ 0xE000EDF0)
T70AC 000:133.487   Data:  01 00 10 01
T70AC 000:133.496   Debug reg: DHCSR
T70AC 000:133.505 - 53.309ms returns 0
T70AC 000:133.539 JLINK_ReadMem(0x400E002C, 0x4 Bytes, ...)
T70AC 000:133.547   CPU_ReadMem(4 bytes @ 0x400E002C)
T70AC 000:134.030   Data:  01 00 00 00
T70AC 000:134.039 - 0.500ms returns 0
T70AC 000:134.060 JLINK_ReadMem(0xE000EDF0, 0x4 Bytes, ...)
T70AC 000:134.067   CPU_ReadMem(4 bytes @ 0xE000EDF0)
T70AC 000:134.568   Data:  01 00 10 01
T70AC 000:134.579   Debug reg: DHCSR
T70AC 000:134.589 - 0.528ms returns 0
T70AC 000:134.617 JLINK_ReadMem(0xE000EDF0, 0x4 Bytes, ...)
T70AC 000:134.624   CPU_ReadMem(4 bytes @ 0xE000EDF0)
T70AC 000:135.168   Data:  01 00 10 01
T70AC 000:135.179   Debug reg: DHCSR
T70AC 000:135.188 - 0.570ms returns 0
T70AC 000:135.196 JLINK_ReadMem(0x400E001C, 0x4 Bytes, ...)
T70AC 000:135.203   CPU_ReadMem(4 bytes @ 0x400E001C)
T70AC 000:135.722   Data:  00 FC FF 00
T70AC 000:135.733 - 0.536ms returns 0
T70AC 000:135.743 JLINK_ReadMem(0xE000EDF0, 0x4 Bytes, ...)
T70AC 000:135.750   CPU_ReadMem(4 bytes @ 0xE000EDF0)
T70AC 000:136.279   Data:  01 00 10 01
T70AC 000:136.294   Debug reg: DHCSR
T70AC 000:136.303 - 0.559ms returns 0
T70AC 000:136.312 JLINK_ReadMem(0x400E0018, 0x4 Bytes, ...)
T70AC 000:136.321   CPU_ReadMem(4 bytes @ 0x400E0018)
T70AC 000:136.841   Data:  00 80 FF 00
T70AC 000:136.856 - 0.543ms returns 0
T70AC 000:136.868 JLINK_ReadMem(0xE000EDF0, 0x4 Bytes, ...)
T70AC 000:136.877   CPU_ReadMem(4 bytes @ 0xE000EDF0)
T70AC 000:137.404   Data:  01 00 10 01
T70AC 000:137.420   Debug reg: DHCSR
T70AC 000:137.428 - 0.560ms returns 0
T70AC 000:137.438 JLINK_ReadMem(0x400E0020, 0x4 Bytes, ...)
T70AC 000:137.446   CPU_ReadMem(4 bytes @ 0x400E0020)
T70AC 000:137.944   Data:  00 FC 00 00
T70AC 000:137.955 - 0.517ms returns 0
T70AC 000:137.967 JLINK_ReadMem(0xE000EDF0, 0x4 Bytes, ...)
T70AC 000:137.975   CPU_ReadMem(4 bytes @ 0xE000EDF0)
T70AC 000:138.480   Data:  01 00 10 01
T70AC 000:138.489   Debug reg: DHCSR
T70AC 000:138.498 - 0.531ms returns 0
T70AC 000:138.505 JLINK_ReadMem(0x400E0028, 0x4 Bytes, ...)
T70AC 000:138.512   CPU_ReadMem(4 bytes @ 0x400E0028)
T70AC 000:139.016   Data:  00 FC 1F 00
T70AC 000:139.027 - 0.521ms returns 0
T70AC 000:139.036 JLINK_ReadMem(0xE000EDF0, 0x4 Bytes, ...)
T70AC 000:139.043   CPU_ReadMem(4 bytes @ 0xE000EDF0)
T70AC 000:139.562   Data:  01 00 10 01
T70AC 000:139.571   Debug reg: DHCSR
T70AC 000:139.579 - 0.542ms returns 0
T70AC 000:139.586 JLINK_ReadMem(0x400E0024, 0x4 Bytes, ...)
T70AC 000:139.593   CPU_ReadMem(4 bytes @ 0x400E0024)
T70AC 000:140.135   Data:  00 E0 1F 00
T70AC 000:140.146 - 0.559ms returns 0
T70AC 000:140.156 JLINK_ReadMem(0xE000EDF0, 0x4 Bytes, ...)
T70AC 000:140.163   CPU_ReadMem(4 bytes @ 0xE000EDF0)
T70AC 000:140.691   Data:  01 00 10 01
T70AC 000:140.700   Debug reg: DHCSR
T70AC 000:140.708 - 0.552ms returns 0
T70AC 000:140.716 JLINK_ReadMem(0x400E002C, 0x4 Bytes, ...)
T70AC 000:140.722   CPU_ReadMem(4 bytes @ 0x400E002C)
T70AC 000:141.233   Data:  01 00 00 00
T70AC 000:141.247 - 0.531ms returns 0
T70AC 000:147.871 JLINK_Close()
T70AC 000:164.764 - 16.891ms
T70AC 000:164.802   
T70AC 000:164.808   Closed
